Start testing: Jul 31 13:40 CEST
----------------------------------------------------------
1/1 Testing: main_tests
1/1 Test: main_tests
Command: "/home/volcano/Desktop/15_puzzle_game/build/main_tests"
Directory: /home/volcano/Desktop/15_puzzle_game/build
"main_tests" start time: Jul 31 13:40 CEST
Output:
----------------------------------------------------------
[==========] Running 1 test from 1 test suite.
[----------] Global test environment set-up.
[----------] 1 test from DirectionTest
[ RUN      ] DirectionTest.GetType
[       OK ] DirectionTest.GetType (0 ms)
[----------] 1 test from DirectionTest (0 ms total)

[----------] Global test environment tear-down
[==========] 1 test from 1 test suite ran. (0 ms total)
[  PASSED  ] 1 test.
<end of output>
Test time =   0.00 sec
----------------------------------------------------------
Test Passed.
"main_tests" end time: Jul 31 13:40 CEST
"main_tests" time elapsed: 00:00:00
----------------------------------------------------------

End testing: Jul 31 13:40 CEST
